2023-06-23 19:31:13,011 [INFO] Activator:176 - 


2023-06-23 19:31:13,015 [INFO] Activator:177 - !SESSION log4j initialized
2023-06-23 19:31:19,710 [INFO] LogOutputStream:77 - [STDOUT_REDIRECT] 
2023-06-23 19:31:48,429 [ERROR] LogOutputStream:75 - [STDERR_REDIRECT] SLF4J: Failed to load class "org.slf4j.impl.StaticLoggerBinder".
2023-06-23 19:31:48,430 [ERROR] LogOutputStream:75 - [STDERR_REDIRECT] SLF4J: Defaulting to no-operation (NOP) logger implementation
2023-06-23 19:31:48,430 [ERROR] LogOutputStream:75 - [STDERR_REDIRECT] SLF4J: See http://www.slf4j.org/codes.html#StaticLoggerBinder for further details.
2023-06-23 20:00:33,949 [INFO] ApplicationProperties:184 - Using Application install path: C:\DATA\Software\STM32\CubeIDE\Software\STM32CubeIDE\plugins\com.st.stm32cube.common.mx_6.8.1.202304191431
2023-06-23 20:00:33,971 [INFO] DbMcusXml:78 - Set database path to: C:\DATA\Software\STM32\CubeIDE\Software\STM32CubeIDE\plugins\com.st.stm32cube.common.mx_6.8.1.202304191431\\db\/mcu/
2023-06-23 20:00:33,971 [INFO] ApiDb:274 - Set plugin database path to: C:\DATA\Software\STM32\CubeIDE\Software\STM32CubeIDE\plugins\com.st.stm32cube.common.mx_6.8.1.202304191431\\db\/plugins/boardmanager/
2023-06-23 20:00:33,974 [WARN] ApiDb:259 - Overriding images path with different value:  => C:\DATA\Software\STM32\CubeIDE\Software\STM32CubeIDE\plugins\com.st.stm32cube.common.mx_6.8.1.202304191431\\db\/plugins/mcufinder/images/
2023-06-23 20:00:33,988 [INFO] ApiDb:250 - Set database path to: C:\Users\l1534\.stmcufinder\plugins\mcufinder//mcu/
2023-06-23 20:00:33,989 [INFO] DbMcusAds:125 - Set database path to: C:\Users\l1534\.stmcufinder\plugins\mcufinder//mcu/
2023-06-23 20:00:33,998 [INFO] CrossReferenceDbSqlite:203 - Set database path to: C:\Users\l1534\.stmcufinder\plugins\mcufinder//mcu/cs/
2023-06-23 20:00:34,091 [INFO] RulesReader:64 - Compatibility file has been processed (293 Rules)
2023-06-23 20:00:34,167 [INFO] DbMcusXml:78 - Set database path to: C:\DATA\Software\STM32\CubeIDE\Software\STM32CubeIDE\plugins\com.st.stm32cube.common.mx_6.8.1.202304191431\\db\/mcu/
2023-06-23 20:00:34,167 [INFO] ApiDb:274 - Set plugin database path to: C:\DATA\Software\STM32\CubeIDE\Software\STM32CubeIDE\plugins\com.st.stm32cube.common.mx_6.8.1.202304191431\\db\/plugins/boardmanager/
2023-06-23 20:00:34,168 [INFO] ApiDb:261 - Set plugin images path to: C:\DATA\Software\STM32\CubeIDE\Software\STM32CubeIDE\plugins\com.st.stm32cube.common.mx_6.8.1.202304191431\\db\/plugins/mcufinder/images/
2023-06-23 20:00:34,168 [WARN] DbFile:41 - Overriding database path with different value: C:\Users\l1534\.stmcufinder\plugins\mcufinder/ => C:\Users\l1534\.stmcufinder\plugins\mcufinder
2023-06-23 20:00:34,168 [INFO] ApiDb:250 - Set database path to: C:\Users\l1534\.stmcufinder\plugins\mcufinder//mcu/
2023-06-23 20:00:34,168 [WARN] DbFile:41 - Overriding database path with different value: C:\Users\l1534\.stmcufinder\plugins\mcufinder/ => C:\Users\l1534\.stmcufinder\plugins\mcufinder
2023-06-23 20:00:34,168 [INFO] DbMcusAds:125 - Set database path to: C:\Users\l1534\.stmcufinder\plugins\mcufinder//mcu/
2023-06-23 20:00:34,168 [WARN] DbFile:41 - Overriding database path with different value: C:\Users\l1534\.stmcufinder\plugins\mcufinder/ => C:\Users\l1534\.stmcufinder\plugins\mcufinder
2023-06-23 20:00:34,168 [WARN] DbFile:41 - Overriding database path with different value: C:\Users\l1534\.stmcufinder\plugins\mcufinder/ => C:\Users\l1534\.stmcufinder\plugins\mcufinder
2023-06-23 20:00:34,168 [INFO] CrossReferenceDbSqlite:203 - Set database path to: C:\Users\l1534\.stmcufinder\plugins\mcufinder//mcu/cs/
2023-06-23 20:00:34,241 [INFO] MainPanel:253 - HeapMemory: 559939584
2023-06-23 20:00:34,342 [INFO] DbMcusXml:78 - Set database path to: C:\DATA\Software\STM32\CubeIDE\Software\STM32CubeIDE\plugins\com.st.stm32cube.common.mx_6.8.1.202304191431\\db\/mcu/
2023-06-23 20:00:34,342 [INFO] ApiDb:274 - Set plugin database path to: C:\DATA\Software\STM32\CubeIDE\Software\STM32CubeIDE\plugins\com.st.stm32cube.common.mx_6.8.1.202304191431\\db\/plugins/boardmanager/
2023-06-23 20:00:34,343 [INFO] ApiDb:261 - Set plugin images path to: C:\DATA\Software\STM32\CubeIDE\Software\STM32CubeIDE\plugins\com.st.stm32cube.common.mx_6.8.1.202304191431\\db\/plugins/mcufinder/images/
2023-06-23 20:00:34,343 [WARN] DbFile:41 - Overriding database path with different value: C:\Users\l1534\.stmcufinder\plugins\mcufinder/ => C:\Users\l1534\.stmcufinder\plugins\mcufinder
2023-06-23 20:00:34,343 [INFO] ApiDb:250 - Set database path to: C:\Users\l1534\.stmcufinder\plugins\mcufinder//mcu/
2023-06-23 20:00:34,343 [WARN] DbFile:41 - Overriding database path with different value: C:\Users\l1534\.stmcufinder\plugins\mcufinder/ => C:\Users\l1534\.stmcufinder\plugins\mcufinder
2023-06-23 20:00:34,343 [INFO] DbMcusAds:125 - Set database path to: C:\Users\l1534\.stmcufinder\plugins\mcufinder//mcu/
2023-06-23 20:00:34,343 [WARN] DbFile:41 - Overriding database path with different value: C:\Users\l1534\.stmcufinder\plugins\mcufinder/ => C:\Users\l1534\.stmcufinder\plugins\mcufinder
2023-06-23 20:00:34,343 [WARN] DbFile:41 - Overriding database path with different value: C:\Users\l1534\.stmcufinder\plugins\mcufinder/ => C:\Users\l1534\.stmcufinder\plugins\mcufinder
2023-06-23 20:00:34,343 [INFO] CrossReferenceDbSqlite:203 - Set database path to: C:\Users\l1534\.stmcufinder\plugins\mcufinder//mcu/cs/
2023-06-23 20:00:34,361 [INFO] ApplicationProperties:184 - Using Application install path: C:\DATA\Software\STM32\CubeIDE\Software\STM32CubeIDE\plugins\com.st.stm32cube.common.mx_6.8.1.202304191431
2023-06-23 20:00:34,363 [INFO] PluginManage:196 - Search for loadable plugins [exclusion list=, ]
2023-06-23 20:00:34,365 [INFO] PluginManage:310 - Check plugin analytics
2023-06-23 20:00:34,518 [INFO] AnalyticsPlugin:253 - Accepted Software Licenses: STM32CubeMX.6.4.0
2023-06-23 20:00:34,519 [INFO] AnalyticsPlugin:255 - Accepted CMSIS Pack Licenses: 
2023-06-23 20:00:34,519 [INFO] AnalyticsPlugin:257 - Accepted Firmware Licenses: FW.G0.1.5.0
2023-06-23 20:00:34,522 [INFO] PluginManage:359 - Loaded plugin analytics (category:tool,tabindex:-1)
2023-06-23 20:00:34,522 [INFO] PluginManage:310 - Check plugin cadmodel
2023-06-23 20:00:34,538 [INFO] CADModel:105 - Init CAD model plugin
2023-06-23 20:00:34,538 [INFO] PluginManage:359 - Loaded plugin cadmodel (category:power,tabindex:5)
2023-06-23 20:00:34,538 [INFO] PluginManage:310 - Check plugin clock
2023-06-23 20:00:34,559 [INFO] PluginManage:359 - Loaded plugin clock (category:base,tabindex:2)
2023-06-23 20:00:34,559 [INFO] PluginManage:310 - Check plugin ddr
2023-06-23 20:00:34,561 [INFO] PluginManage:359 - Loaded plugin ddr (category:tool,tabindex:6)
2023-06-23 20:00:34,561 [INFO] PluginManage:310 - Check plugin filemanager
2023-06-23 20:00:34,696 [INFO] PluginManage:359 - Loaded plugin filemanager (category:base,tabindex:10)
2023-06-23 20:00:34,696 [INFO] PluginManage:310 - Check plugin ipmanager
2023-06-23 20:00:34,703 [INFO] PluginManage:359 - Loaded plugin ipmanager (category:base,tabindex:5)
2023-06-23 20:00:34,705 [INFO] PluginManage:310 - Check plugin lpbam
2023-06-23 20:00:34,723 [INFO] PluginManage:359 - Loaded plugin lpbam (category:base,tabindex:0)
2023-06-23 20:00:34,723 [INFO] PluginManage:310 - Check plugin pinoutandconfiguration
2023-06-23 20:00:34,741 [INFO] PluginManage:359 - Loaded plugin pinoutandconfiguration (category:base,tabindex:1)
2023-06-23 20:00:34,741 [INFO] PluginManage:310 - Check plugin pinoutconfig
2023-06-23 20:00:34,837 [WARN] SupportedApi:132 - Cannot load RTOS API schema: s4s-elt-must-match.1: The content of 'definitions' must match (annotation?, (simpleType | complexType)?, (unique | key | keyref)*)). A problem was found starting at: attribute.
2023-06-23 20:00:34,982 [INFO] PluginManage:359 - Loaded plugin pinoutconfig (category:base,tabindex:0)
2023-06-23 20:00:34,983 [INFO] PluginManage:310 - Check plugin power
2023-06-23 20:00:34,994 [INFO] PluginManage:359 - Loaded plugin power (category:power,tabindex:4)
2023-06-23 20:00:34,994 [INFO] PluginManage:310 - Check plugin projectmanager
2023-06-23 20:00:35,009 [INFO] PluginManage:359 - Loaded plugin projectmanager (category:projectmanager,tabindex:3)
2023-06-23 20:00:35,010 [INFO] PluginManage:310 - Check plugin thirdparty
2023-06-23 20:00:35,144 [INFO] PluginManage:359 - Loaded plugin thirdparty (category:base,tabindex:-1)
2023-06-23 20:00:35,144 [INFO] PluginManage:310 - Check plugin tools
2023-06-23 20:00:35,144 [WARN] IntegrityCheckThread:84 - waiting for thirdparty lock release [integrity check]
2023-06-23 20:00:35,144 [INFO] IntegrityCheckThread:86 - entering critical section [integrity check]
2023-06-23 20:00:35,146 [INFO] ThirdPartyUpdaterWithRetryManager:70 - Updater plugin not ready yet. [1/15]
2023-06-23 20:00:35,170 [INFO] PluginManage:359 - Loaded plugin tools (category:base,tabindex:7)
2023-06-23 20:00:35,171 [INFO] PluginManage:310 - Check plugin tutovideos
2023-06-23 20:00:35,406 [INFO] PluginManage:359 - Loaded plugin tutovideos (category:base,tabindex:-1)
2023-06-23 20:00:35,406 [INFO] PluginManage:310 - Check plugin updater
2023-06-23 20:00:35,421 [INFO] PluginManage:359 - Loaded plugin updater (category:base,tabindex:12)
2023-06-23 20:00:35,422 [INFO] PluginManage:283 - PluginManage : Loaded plugins [15]
2023-06-23 20:00:35,673 [INFO] PinOutPanel:1499 - setPackage(No Configuration,No Configuration)
2023-06-23 20:00:35,739 [INFO] CADModel:165 - CPN selected for project level
2023-06-23 20:00:35,739 [INFO] CADModel:114 - Register for checkConnection events
2023-06-23 20:00:35,770 [INFO] IPUIPlugin:80 - create IPUIPlugin
2023-06-23 20:00:35,770 [INFO] PluginManager:220 - loadIPPluginJar : add adc
2023-06-23 20:00:35,803 [INFO] IPUIPlugin:80 - create IPUIPlugin
2023-06-23 20:00:35,803 [INFO] PluginManager:220 - loadIPPluginJar : add aes
2023-06-23 20:00:35,841 [INFO] IPUIPlugin:80 - create IPUIPlugin
2023-06-23 20:00:35,841 [INFO] PluginManager:220 - loadIPPluginJar : add can
2023-06-23 20:00:35,862 [INFO] IPUIPlugin:80 - create IPUIPlugin
2023-06-23 20:00:35,862 [INFO] PluginManager:220 - loadIPPluginJar : add comp
2023-06-23 20:00:35,892 [INFO] IPUIPlugin:80 - create IPUIPlugin
2023-06-23 20:00:35,892 [INFO] PluginManager:220 - loadIPPluginJar : add cryp
2023-06-23 20:00:35,919 [INFO] IPUIPlugin:80 - create IPUIPlugin
2023-06-23 20:00:35,919 [INFO] PluginManager:220 - loadIPPluginJar : add dfsdm
2023-06-23 20:00:35,934 [INFO] IPUIPlugin:80 - create IPUIPlugin
2023-06-23 20:00:35,935 [INFO] PluginManager:220 - loadIPPluginJar : add dma
2023-06-23 20:00:35,977 [INFO] IPUIPlugin:80 - create IPUIPlugin
2023-06-23 20:00:35,977 [INFO] PluginManager:220 - loadIPPluginJar : add dma3
2023-06-23 20:00:35,995 [INFO] IPUIPlugin:80 - create IPUIPlugin
2023-06-23 20:00:35,996 [INFO] PluginManager:220 - loadIPPluginJar : add fatfs
2023-06-23 20:00:36,036 [INFO] IPUIPlugin:80 - create IPUIPlugin
2023-06-23 20:00:36,036 [INFO] PluginManager:220 - loadIPPluginJar : add fmc
2023-06-23 20:00:36,051 [INFO] IPUIPlugin:80 - create IPUIPlugin
2023-06-23 20:00:36,053 [INFO] PluginManager:220 - loadIPPluginJar : add freertos
2023-06-23 20:00:36,078 [INFO] IPUIPlugin:80 - create IPUIPlugin
2023-06-23 20:00:36,078 [INFO] PluginManager:220 - loadIPPluginJar : add genericplugin
2023-06-23 20:00:36,168 [INFO] IPUIPlugin:80 - create IPUIPlugin
2023-06-23 20:00:36,169 [INFO] PluginManager:220 - loadIPPluginJar : add gfxmmu
2023-06-23 20:00:36,286 [INFO] IPUIPlugin:80 - create IPUIPlugin
2023-06-23 20:00:36,286 [INFO] PluginManager:220 - loadIPPluginJar : add gic
2023-06-23 20:00:36,298 [INFO] IPUIPlugin:80 - create IPUIPlugin
2023-06-23 20:00:36,298 [INFO] PluginManager:220 - loadIPPluginJar : add gpio
2023-06-23 20:00:36,377 [INFO] IPUIPlugin:80 - create IPUIPlugin
2023-06-23 20:00:36,377 [INFO] PluginManager:220 - loadIPPluginJar : add gtzc
2023-06-23 20:00:36,406 [INFO] IPUIPlugin:80 - create IPUIPlugin
2023-06-23 20:00:36,406 [INFO] PluginManager:220 - loadIPPluginJar : add hash
2023-06-23 20:00:36,451 [INFO] IPUIPlugin:80 - create IPUIPlugin
2023-06-23 20:00:36,451 [INFO] PluginManager:220 - loadIPPluginJar : add i2c
2023-06-23 20:00:36,488 [INFO] IPUIPlugin:80 - create IPUIPlugin
2023-06-23 20:00:36,488 [INFO] PluginManager:220 - loadIPPluginJar : add i2s
2023-06-23 20:00:36,530 [INFO] IPUIPlugin:80 - create IPUIPlugin
2023-06-23 20:00:36,530 [INFO] PluginManager:220 - loadIPPluginJar : add i3c
2023-06-23 20:00:36,621 [INFO] IPUIPlugin:80 - create IPUIPlugin
2023-06-23 20:00:36,621 [INFO] PluginManager:220 - loadIPPluginJar : add ipddr
2023-06-23 20:00:36,712 [INFO] IPUIPlugin:80 - create IPUIPlugin
2023-06-23 20:00:36,712 [INFO] PluginManager:220 - loadIPPluginJar : add linkedlist
2023-06-23 20:00:36,745 [INFO] IPUIPlugin:80 - create IPUIPlugin
2023-06-23 20:00:36,745 [INFO] PluginManager:220 - loadIPPluginJar : add lorawan
2023-06-23 20:00:36,776 [INFO] IPUIPlugin:80 - create IPUIPlugin
2023-06-23 20:00:36,776 [INFO] PluginManager:220 - loadIPPluginJar : add ltdc
2023-06-23 20:00:36,790 [INFO] IPUIPlugin:80 - create IPUIPlugin
2023-06-23 20:00:36,791 [INFO] PluginManager:220 - loadIPPluginJar : add mdma
2023-06-23 20:00:36,803 [INFO] IPUIPlugin:80 - create IPUIPlugin
2023-06-23 20:00:36,803 [INFO] PluginManager:220 - loadIPPluginJar : add nvic
2023-06-23 20:00:36,834 [INFO] IPUIPlugin:80 - create IPUIPlugin
2023-06-23 20:00:36,834 [INFO] PluginManager:220 - loadIPPluginJar : add opamp
2023-06-23 20:00:36,886 [INFO] IPUIPlugin:80 - create IPUIPlugin
2023-06-23 20:00:36,887 [INFO] PluginManager:220 - loadIPPluginJar : add openamp
2023-06-23 20:00:36,925 [INFO] IPUIPlugin:80 - create IPUIPlugin
2023-06-23 20:00:36,925 [INFO] PluginManager:220 - loadIPPluginJar : add pdm2pcm
2023-06-23 20:00:36,938 [INFO] IPUIPlugin:80 - create IPUIPlugin
2023-06-23 20:00:36,941 [INFO] PluginManager:220 - loadIPPluginJar : add plateformsettings
2023-06-23 20:00:36,959 [INFO] IPUIPlugin:80 - create IPUIPlugin
2023-06-23 20:00:36,960 [INFO] PluginManager:220 - loadIPPluginJar : add quadspi
2023-06-23 20:00:36,972 [INFO] IPUIPlugin:80 - create IPUIPlugin
2023-06-23 20:00:36,972 [INFO] PluginManager:220 - loadIPPluginJar : add resmgrutility
2023-06-23 20:00:37,014 [INFO] IPUIPlugin:80 - create IPUIPlugin
2023-06-23 20:00:37,014 [INFO] PluginManager:220 - loadIPPluginJar : add sai
2023-06-23 20:00:37,046 [INFO] IPUIPlugin:80 - create IPUIPlugin
2023-06-23 20:00:37,047 [INFO] PluginManager:220 - loadIPPluginJar : add spi
2023-06-23 20:00:37,098 [INFO] IPUIPlugin:80 - create IPUIPlugin
2023-06-23 20:00:37,098 [INFO] PluginManager:220 - loadIPPluginJar : add stm32_wpan
2023-06-23 20:00:37,119 [INFO] IPUIPlugin:80 - create IPUIPlugin
2023-06-23 20:00:37,119 [INFO] PluginManager:220 - loadIPPluginJar : add tim
2023-06-23 20:00:37,167 [INFO] IPUIPlugin:80 - create IPUIPlugin
2023-06-23 20:00:37,167 [INFO] PluginManager:220 - loadIPPluginJar : add touchsensing
2023-06-23 20:00:37,188 [INFO] IPUIPlugin:80 - create IPUIPlugin
2023-06-23 20:00:37,189 [INFO] PluginManager:220 - loadIPPluginJar : add tracer_emb
2023-06-23 20:00:37,209 [INFO] IPUIPlugin:80 - create IPUIPlugin
2023-06-23 20:00:37,209 [INFO] PluginManager:220 - loadIPPluginJar : add ts
2023-06-23 20:00:37,228 [INFO] IPUIPlugin:80 - create IPUIPlugin
2023-06-23 20:00:37,228 [INFO] PluginManager:220 - loadIPPluginJar : add tsc
2023-06-23 20:00:37,248 [INFO] IPUIPlugin:80 - create IPUIPlugin
2023-06-23 20:00:37,248 [INFO] PluginManager:220 - loadIPPluginJar : add ucpd
2023-06-23 20:00:37,287 [INFO] IPUIPlugin:80 - create IPUIPlugin
2023-06-23 20:00:37,287 [INFO] PluginManager:220 - loadIPPluginJar : add usart
2023-06-23 20:00:37,328 [INFO] IPUIPlugin:80 - create IPUIPlugin
2023-06-23 20:00:37,328 [INFO] PluginManager:220 - loadIPPluginJar : add usbx
2023-06-23 20:00:37,474 [INFO] CADModel:165 - CPN selected for project level
2023-06-23 20:00:37,474 [INFO] CADModel:114 - Register for checkConnection events
2023-06-23 20:00:37,475 [FATAL] Updater:308 - Updater called before beeing initialized
2023-06-23 20:00:37,475 [ERROR] CADModel:125 - Updater not yet initialized, retry later 
2023-06-23 20:00:37,644 [INFO] CADModel:165 - CPN selected for project level
2023-06-23 20:00:37,644 [INFO] CADModel:114 - Register for checkConnection events
2023-06-23 20:00:37,644 [FATAL] Updater:308 - Updater called before beeing initialized
2023-06-23 20:00:37,644 [ERROR] CADModel:125 - Updater not yet initialized, retry later 
2023-06-23 20:00:37,651 [FATAL] Updater:308 - Updater called before beeing initialized
2023-06-23 20:00:37,764 [FATAL] Updater:308 - Updater called before beeing initialized
2023-06-23 20:00:37,772 [INFO] DbMcusAds:53 - JSON generation date=Tue Mar 07 03:50:55 EST 2023 (1678179055335)
2023-06-23 20:00:37,772 [FATAL] Updater:308 - Updater called before beeing initialized
2023-06-23 20:00:37,841 [WARN] DetailPanel:346 - Failed to get advertising image, set to default
2023-06-23 20:00:37,948 [FATAL] Updater:308 - Updater called before beeing initialized
2023-06-23 20:00:37,951 [FATAL] Updater:308 - Updater called before beeing initialized
2023-06-23 20:00:37,951 [FATAL] Updater:308 - Updater called before beeing initialized
2023-06-23 20:00:37,951 [WARN] DetailPanel:346 - Failed to get advertising image, set to default
2023-06-23 20:00:37,952 [FATAL] Updater:308 - Updater called before beeing initialized
2023-06-23 20:00:38,012 [ERROR] Updater:1120 - MainUpdater not yet initialized. External WinMGr cannot be set.
2023-06-23 20:00:38,022 [INFO] Updater:1056 - Updater Version found : 6.8.1
2023-06-23 20:00:38,045 [INFO] ApplicationProperties:184 - Using Application install path: C:\DATA\Software\STM32\CubeIDE\Software\STM32CubeIDE\plugins\com.st.stm32cube.common.mx_6.8.1.202304191431
2023-06-23 20:00:38,088 [INFO] MainUpdater:519 - Copy updater definitions from MX database
2023-06-23 20:00:38,146 [INFO] ThirdPartyUpdaterWithRetryManager:70 - Updater plugin not ready yet. [2/15]
2023-06-23 20:00:38,514 [INFO] MainUpdater:2854 - connection check result : 10
2023-06-23 20:00:38,515 [INFO] MainUpdater:3548 - Updater definition file requires update
2023-06-23 20:00:38,516 [INFO] MainUpdater:283 - Updater Check For Update Now.
2023-06-23 20:00:38,518 [INFO] MicroXplorer:498 - Change Database Version : DB.6.0.81
2023-06-23 20:00:38,559 [INFO] ServerAccessManage:473 - Download File updaters.zip
2023-06-23 20:00:38,642 [INFO] FileExtend:240 - Unzip File : updaters.zip
2023-06-23 20:00:38,642 [INFO] FileExtend:255 - Standard Zip Deflate
2023-06-23 20:00:39,291 [INFO] ServerAccessManage:473 - Download File PacksControlFlags.xml
2023-06-23 20:00:39,333 [INFO] ServerAccessManage:473 - Download File cubemx.pidx
2023-06-23 20:00:39,417 [INFO] LoadServerUpdatesThread:373 - End of LoadServerUpdate Thread
2023-06-23 20:00:39,568 [INFO] CheckServerUpdateThread:120 - End of CheckServer Thread
2023-06-23 20:00:39,581 [INFO] MainUpdater:2854 - connection check result : 10
2023-06-23 20:00:39,588 [INFO] MainUpdater:2854 - connection check result : 10
2023-06-23 20:00:39,775 [INFO] MicroXplorer:468 - Change Database Path : 
2023-06-23 20:00:39,775 [INFO] MicroXplorer:498 - Change Database Version : DB.6.0.81
2023-06-23 20:00:39,775 [WARN] ThirdParty:871 - waiting for thirdparty lock release [close project]
2023-06-23 20:00:41,279 [WARN] PackLoader:240 - Cannot read IP mode file for STMicroelectronics.X-CUBE-GNSS1.6.0.0
2023-06-23 20:00:41,307 [WARN] PackLoader:240 - Cannot read IP mode file for STMicroelectronics.X-CUBE-AZRTOS-F4.1.1.0
2023-06-23 20:00:41,319 [WARN] PackLoader:240 - Cannot read IP mode file for STMicroelectronics.X-CUBE-SMBUS.2.1.0
2023-06-23 20:00:41,337 [WARN] PackLoader:240 - Cannot read IP mode file for STMicroelectronics.X-CUBE-AZRTOS-F7.1.1.0
2023-06-23 20:00:41,407 [WARN] PackLoader:240 - Cannot read IP mode file for STMicroelectronics.X-CUBE-MEMS1.9.6.0
2023-06-23 20:00:41,585 [ERROR] RealEvaluatedCondition:428 - Found unsupported composite condition: CLASS='Data Exchange' GROUP='STM32_MetaDataManager'
2023-06-23 20:00:41,585 [ERROR] RealEvaluatedCondition:428 - Found unsupported composite condition: CLASS='Data Exchange' GROUP='STM32_MetaDataManager'
2023-06-23 20:00:41,586 [WARN] PackLoader:240 - Cannot read IP mode file for STMicroelectronics.FP-SNS-MOTENV1.4.3.0
2023-06-23 20:00:41,592 [WARN] PackLoader:240 - Cannot read IP mode file for STMicroelectronics.FP-SNS-FLIGHT1.5.0.0
2023-06-23 20:00:41,596 [ERROR] RealEvaluatedCondition:428 - Found unsupported composite condition: GROUP='STM32_MetaDataManager' CLASS='Data Exchange'
2023-06-23 20:00:41,596 [ERROR] RealEvaluatedCondition:428 - Found unsupported composite condition: GROUP='STM32_MetaDataManager' CLASS='Data Exchange'
2023-06-23 20:00:41,597 [WARN] PackLoader:240 - Cannot read IP mode file for STMicroelectronics.FP-SNS-MOTENV1.4.3.1
2023-06-23 20:00:41,601 [WARN] PackLoader:240 - Cannot read IP mode file for STMicroelectronics.FP-SNS-FLIGHT1.5.0.1
2023-06-23 20:00:41,607 [WARN] PackLoader:240 - Cannot read IP mode file for STMicroelectronics.X-CUBE-BLE1.6.2.4
2023-06-23 20:00:41,614 [WARN] PackLoader:240 - Cannot read IP mode file for emotas.I-CUBE-CANOPEN.1.1.3
2023-06-23 20:00:41,623 [WARN] PackLoader:240 - Cannot read IP mode file for STMicroelectronics.X-CUBE-BLEMGR.2.0.0
2023-06-23 20:00:41,630 [WARN] PackLoader:240 - Cannot read IP mode file for STMicroelectronics.X-CUBE-NFC4.2.0.5
2023-06-23 20:00:41,653 [WARN] ConditionMgr:438 - getConditionDescription Invalid condition id : UX DEVICE CLASS RTOS Condition cause : null
2023-06-23 20:00:41,653 [WARN] ConditionMgr:438 - getConditionDescription Invalid condition id : UX DEVICE CLASS RTOS Condition cause : null
2023-06-23 20:00:41,656 [WARN] PackLoader:240 - Cannot read IP mode file for STMicroelectronics.X-CUBE-AZRTOS-H7.3.1.0
2023-06-23 20:00:41,657 [WARN] ConditionMgr:1039 - genDependencies : Invalid condition id : UX DEVICE CLASS RTOS Condition cause : null
2023-06-23 20:00:41,657 [WARN] ConditionMgr:1039 - genDependencies : Invalid condition id : UX DEVICE CLASS RTOS Condition cause : null
2023-06-23 20:00:41,658 [WARN] ConditionMgr:1039 - genDependencies : Invalid condition id : UX DEVICE CLASS RTOS Condition cause : null
2023-06-23 20:00:41,658 [WARN] ConditionMgr:1039 - genDependencies : Invalid condition id : UX DEVICE CLASS RTOS Condition cause : null
2023-06-23 20:00:41,658 [WARN] ConditionMgr:1039 - genDependencies : Invalid condition id : UX DEVICE CLASS RTOS Condition cause : null
2023-06-23 20:00:41,665 [WARN] PackLoader:240 - Cannot read IP mode file for STMicroelectronics.X-CUBE-DISPLAY.3.0.0
2023-06-23 20:00:41,673 [WARN] PackLoader:240 - Cannot read IP mode file for wolfSSL.I-CUBE-wolfSSL.5.5.3
2023-06-23 20:00:41,677 [WARN] PackLoader:240 - Cannot read IP mode file for STMicroelectronics.X-CUBE-NFC7.1.0.1
2023-06-23 20:00:41,681 [WARN] PackLoader:240 - Cannot read IP mode file for STMicroelectronics.X-CUBE-NFC7.1.0.0
2023-06-23 20:00:41,687 [WARN] PackLoader:240 - Cannot read IP mode file for STMicroelectronics.X-CUBE-EEPRMA1.4.1.0
2023-06-23 20:00:41,697 [INFO] LogOutputStream:77 - [STDOUT_REDIRECT] 1 : Invalid condition id : UX_CORESTACK_Condition cause : null
2023-06-23 20:00:41,697 [INFO] LogOutputStream:77 - [STDOUT_REDIRECT] 1 : Invalid condition id : UX_CORESTACK_Condition cause : null
2023-06-23 20:00:41,698 [INFO] LogOutputStream:77 - [STDOUT_REDIRECT] 1 : Invalid condition id : UX_CORESTACK_Condition cause : null
2023-06-23 20:00:41,699 [INFO] LogOutputStream:77 - [STDOUT_REDIRECT] 1 : Invalid condition id : UX_CORESTACK_Condition cause : null
2023-06-23 20:00:41,700 [INFO] LogOutputStream:77 - [STDOUT_REDIRECT] 1 : Invalid condition id : UX_CORESTACK_Condition cause : null
2023-06-23 20:00:41,702 [WARN] PackLoader:240 - Cannot read IP mode file for STMicroelectronics.X-CUBE-AZRTOS-WL.2.0.0
2023-06-23 20:00:41,719 [WARN] ConditionMgr:438 - getConditionDescription Invalid condition id : LAN8742 Phy interface Condition cause : null
2023-06-23 20:00:41,719 [WARN] PackLoader:240 - Cannot read IP mode file for STMicroelectronics.X-CUBE-AZRTOS-L4.2.0.0
2023-06-23 20:00:41,721 [WARN] ConditionMgr:1039 - genDependencies : Invalid condition id : LAN8742 Phy interface Condition cause : null
2023-06-23 20:00:41,721 [WARN] ConditionMgr:1039 - genDependencies : Invalid condition id : LAN8742 Phy interface Condition cause : null
2023-06-23 20:00:41,721 [WARN] ConditionMgr:1039 - genDependencies : Invalid condition id : LAN8742 Phy interface Condition cause : null
2023-06-23 20:00:41,730 [WARN] PackLoader:240 - Cannot read IP mode file for WES.I-CUBE-Cesium.1.3.0
2023-06-23 20:00:41,736 [WARN] PackLoader:240 - Cannot read IP mode file for STMicroelectronics.X-CUBE-SFXS2LP1.4.0.0
2023-06-23 20:00:41,740 [WARN] PackLoader:240 - Cannot read IP mode file for STMicroelectronics.X-CUBE-BLE2.3.3.0
2023-06-23 20:00:41,745 [WARN] PackLoader:240 - Cannot read IP mode file for STMicroelectronics.X-CUBE-DISPLAY.2.2.0
2023-06-23 20:00:41,756 [WARN] PackLoader:240 - Cannot read IP mode file for STMicroelectronics.X-CUBE-TOF1.3.2.0
2023-06-23 20:00:41,779 [WARN] PackLoader:240 - Cannot read IP mode file for STMicroelectronics.X-CUBE-AZRTOS-H7.3.0.0
2023-06-23 20:00:41,786 [WARN] PackLoader:240 - Cannot read IP mode file for STMicroelectronics.X-CUBE-ISPU.1.1.0
2023-06-23 20:00:41,793 [WARN] PackLoader:240 - Cannot read IP mode file for RoweBots.I-CUBE-UNISONRTOS.5.5.0-4
2023-06-23 20:00:41,796 [WARN] PackLoader:240 - Cannot read IP mode file for STMicroelectronics.X-CUBE-AI.8.0.0
2023-06-23 20:00:41,801 [WARN] PackLoader:240 - Cannot read IP mode file for STMicroelectronics.X-CUBE-FREERTOS.1.0.0
2023-06-23 20:00:41,805 [WARN] PackLoader:240 - Cannot read IP mode file for STMicroelectronics.X-CUBE-FREERTOS.1.0.1
2023-06-23 20:00:41,809 [WARN] PackLoader:240 - Cannot read IP mode file for STMicroelectronics.X-CUBE-TOUCHGFX.4.21.0
2023-06-23 20:00:41,811 [WARN] PackLoader:240 - Cannot read IP mode file for STMicroelectronics.X-CUBE-TOUCHGFX.4.21.3
2023-06-23 20:00:41,813 [WARN] PackLoader:240 - Cannot read IP mode file for STMicroelectronics.X-CUBE-TOUCHGFX.4.21.4
2023-06-23 20:00:41,845 [WARN] PackLoader:240 - Cannot read IP mode file for STMicroelectronics.X-CUBE-MEMS1.9.4.0
2023-06-23 20:00:41,975 [WARN] PackLoader:240 - Cannot read IP mode file for STMicroelectronics.X-CUBE-AI.7.3.0
2023-06-23 20:00:41,979 [WARN] PackLoader:240 - Cannot read IP mode file for STMicroelectronics.X-CUBE-ALGOBUILD.1.3.0
2023-06-23 20:00:41,993 [WARN] PackLoader:240 - Cannot read IP mode file for STMicroelectronics.X-CUBE-AZRTOS-L5.1.1.0
2023-06-23 20:00:42,010 [WARN] PackLoader:240 - Cannot read IP mode file for STMicroelectronics.X-CUBE-AZRTOS-G0.1.1.0
2023-06-23 20:00:42,014 [WARN] PackLoader:240 - Cannot read IP mode file for STMicroelectronics.X-CUBE-AI.8.0.1
2023-06-23 20:00:42,023 [WARN] PackLoader:240 - Cannot read IP mode file for STMicroelectronics.X-CUBE-SUBG2.5.0.0
2023-06-23 20:00:42,031 [WARN] PackLoader:240 - Cannot read IP mode file for STMicroelectronics.X-CUBE-NFC4.3.0.0
2023-06-23 20:00:42,055 [WARN] PackLoader:240 - Cannot read IP mode file for STMicroelectronics.X-CUBE-AZRTOS-G4.2.0.0
2023-06-23 20:00:42,067 [WARN] PackLoader:240 - Cannot read IP mode file for STMicroelectronics.X-CUBE-TOF1.3.3.0
2023-06-23 20:00:42,081 [WARN] PackLoader:240 - Cannot read IP mode file for STMicroelectronics.FP-ATR-ASTRA1.1.1.1
2023-06-23 20:00:42,088 [WARN] PackLoader:240 - Cannot read IP mode file for STMicroelectronics.X-CUBE-BLEMGR.1.3.0
2023-06-23 20:00:42,126 [WARN] PackLoader:240 - Cannot read IP mode file for STMicroelectronics.X-CUBE-AZRTOS-G4.1.0.0
2023-06-23 20:00:42,131 [WARN] PackLoader:240 - Cannot read IP mode file for STMicroelectronics.FP-ATR-SIGFOX1.3.2.0
2023-06-23 20:00:42,149 [WARN] PackLoader:240 - Cannot read IP mode file for STMicroelectronics.X-CUBE-AZRTOS-L4.1.0.0
2023-06-23 20:00:42,154 [WARN] PackLoader:240 - Cannot read IP mode file for STMicroelectronics.X-CUBE-TOUCHGFX.4.20.0
2023-06-23 20:00:42,164 [WARN] PackLoader:240 - Cannot read IP mode file for STMicroelectronics.X-CUBE-AZRTOS-WL.1.0.0
2023-06-23 20:00:42,170 [WARN] PackLoader:240 - Cannot read IP mode file for portGmbH.I-Cube-SoM-uGOAL.1.1.0
2023-06-23 20:00:42,174 [WARN] PackLoader:240 - Cannot read IP mode file for STMicroelectronics.X-CUBE-ALS.1.0.1
2023-06-23 20:00:42,205 [WARN] PackLoader:240 - Cannot read IP mode file for STMicroelectronics.X-CUBE-MEMS1.9.5.0
2023-06-23 20:00:42,368 [WARN] PackLoader:240 - Cannot read IP mode file for STMicroelectronics.X-CUBE-AZRTOS-WB.1.1.0
2023-06-23 20:00:42,392 [WARN] PackLoader:240 - Cannot read IP mode file for SEGGER.I-CUBE-embOS.1.3.1
2023-06-23 20:00:42,425 [WARN] PackLoader:240 - Cannot read IP mode file for STMicroelectronics.X-CUBE-EEPRMA1.3.1.1
2023-06-23 20:00:42,448 [WARN] PackLoader:240 - Cannot read IP mode file for SEGGER.I-CUBE-embOS.1.3.0
2023-06-23 20:00:42,479 [WARN] PackLoader:240 - Cannot read IP mode file for STMicroelectronics.FP-ATR-ASTRA1.2.0.0
2023-06-23 20:00:42,480 [INFO] ThirdParty:978 - Integrity check success = true
2023-06-23 20:00:42,480 [INFO] IntegrityCheckThread:100 - exiting critical section [integrity check]
2023-06-23 20:00:42,480 [INFO] IntegrityCheckThread:103 - End integrity checks thread
2023-06-23 20:00:42,480 [INFO] ThirdParty:873 - entering critical section [close project]
2023-06-23 20:00:42,481 [INFO] ThirdParty:883 - exiting critical section [close project]
2023-06-23 20:00:42,484 [INFO] PinOutPanel:1499 - setPackage(No Configuration,No Configuration)
2023-06-23 20:00:42,489 [INFO] UtilMem:75 - Begin LoadConfig() Used Memory: 467282160 Bytes (752877568)
2023-06-23 20:01:47,038 [INFO] ServerAccessManage:473 - Download File stm32cube_db_v6070.zip
2023-06-23 20:01:50,675 [INFO] FileExtend:240 - Unzip File : stm32cube_db_v6070.zip
2023-06-23 20:01:50,675 [INFO] FileExtend:255 - Standard Zip Deflate
2023-06-23 20:02:00,961 [INFO] LoadServerPackagesThread:196 - End of LoadServerPackages Thread
2023-06-23 20:02:01,213 [INFO] CheckServerUpdateThread:120 - End of CheckServer Thread
2023-06-23 20:02:01,234 [INFO] MicroXplorer:468 - Change Database Path : C:/Users/l1534/.stm32cubemx/databases/DB.6.0.70/db/
2023-06-23 20:02:01,234 [INFO] MicroXplorer:498 - Change Database Version : DB.6.0.70
2023-06-23 20:02:01,235 [INFO] OpenFileManager:308 - Change cursor
2023-06-23 20:02:01,264 [INFO] Mcu:1937 - Initializing MCU STM32F031F(4-6)Px STM32F031F6Px STM32F031F6P6
2023-06-23 20:02:02,170 [INFO] Context:659 - Trying to add GPIOservice into a context  which must be forbidden
2023-06-23 20:02:02,943 [INFO] RtosManager:555 - Registered RTOS mode: class=CMSIS, group=RTOS, mode=CMSIS_V1, owner=FREERTOS
2023-06-23 20:02:02,943 [INFO] RtosManager:555 - Registered RTOS mode: class=CMSIS, group=RTOS2, mode=CMSIS_V2, owner=FREERTOS
2023-06-23 20:02:02,943 [INFO] RtosManager:555 - Registered RTOS mode: class=RTOS, group=Core, mode=CMSIS_V1, owner=FREERTOS
2023-06-23 20:02:02,943 [INFO] RtosManager:555 - Registered RTOS mode: class=RTOS, group=Core, mode=CMSIS_V2, owner=FREERTOS
2023-06-23 20:02:02,944 [WARN] ModelIntegratedComponent:184 - Missing modes for component STMicroelectronics:FreeRTOS:0.0.1:STMicroelectronics:RTOS:FreeRTOS:Core:::10.2.0:
2023-06-23 20:02:02,963 [WARN] ModelIntegratedComponent:63 - No mode defined for component null
2023-06-23 20:02:02,963 [WARN] ModelIntegratedComponent:63 - No mode defined for component null
2023-06-23 20:02:02,963 [WARN] ModelIntegratedComponent:63 - No mode defined for component null
2023-06-23 20:02:02,963 [WARN] ModelIntegratedComponent:63 - No mode defined for component null
2023-06-23 20:02:02,963 [WARN] ModelIntegratedComponent:63 - No mode defined for component null
2023-06-23 20:02:02,963 [WARN] ModelIntegratedComponent:63 - No mode defined for component null
2023-06-23 20:02:02,963 [WARN] ModelIntegratedComponent:63 - No mode defined for component null
2023-06-23 20:02:02,963 [WARN] ModelIntegratedComponent:63 - No mode defined for component null
2023-06-23 20:02:02,963 [WARN] ModelIntegratedComponent:63 - No mode defined for component null
2023-06-23 20:02:02,963 [WARN] ModelIntegratedComponent:63 - No mode defined for component null
2023-06-23 20:02:02,963 [WARN] ModelIntegratedComponent:63 - No mode defined for component null
2023-06-23 20:02:02,963 [WARN] ModelIntegratedComponent:63 - No mode defined for component null
2023-06-23 20:02:02,963 [WARN] ModelIntegratedComponent:63 - No mode defined for component null
2023-06-23 20:02:02,965 [WARN] ModelIntegratedComponent:63 - No mode defined for component null
2023-06-23 20:02:02,965 [WARN] ModelIntegratedComponent:63 - No mode defined for component null
2023-06-23 20:02:02,965 [WARN] ModelIntegratedComponent:63 - No mode defined for component null
2023-06-23 20:02:02,965 [WARN] ModelIntegratedComponent:63 - No mode defined for component null
2023-06-23 20:02:02,965 [WARN] ModelIntegratedComponent:63 - No mode defined for component null
2023-06-23 20:02:02,965 [WARN] ModelIntegratedComponent:63 - No mode defined for component null
2023-06-23 20:02:02,965 [WARN] ModelIntegratedComponent:63 - No mode defined for component null
2023-06-23 20:02:02,965 [WARN] ModelIntegratedComponent:63 - No mode defined for component null
2023-06-23 20:02:02,965 [WARN] ModelIntegratedComponent:63 - No mode defined for component null
2023-06-23 20:02:02,965 [WARN] ModelIntegratedComponent:63 - No mode defined for component null
2023-06-23 20:02:02,965 [WARN] ModelIntegratedComponent:63 - No mode defined for component null
2023-06-23 20:02:02,965 [WARN] ModelIntegratedComponent:63 - No mode defined for component null
2023-06-23 20:02:02,965 [WARN] ModelIntegratedComponent:63 - No mode defined for component null
2023-06-23 20:02:02,965 [WARN] ModelIntegratedComponent:63 - No mode defined for component null
2023-06-23 20:02:02,965 [WARN] ModelIntegratedComponent:63 - No mode defined for component null
2023-06-23 20:02:02,965 [WARN] ModelIntegratedComponent:63 - No mode defined for component null
2023-06-23 20:02:02,965 [WARN] ModelIntegratedComponent:63 - No mode defined for component null
2023-06-23 20:02:02,965 [WARN] ModelIntegratedComponent:63 - No mode defined for component null
2023-06-23 20:02:02,965 [WARN] ModelIntegratedComponent:63 - No mode defined for component null
2023-06-23 20:02:02,966 [WARN] ModelIntegratedComponent:63 - No mode defined for component null
2023-06-23 20:02:03,266 [INFO] ThirdPartyModel:298 - Start build external matchings
2023-06-23 20:02:05,619 [INFO] ThirdPartyModel:316 - End build external matchings
2023-06-23 20:02:05,658 [INFO] ImportTextPane:194 - (OptionalMessage_ERROR) IP (RCC) : Invalid parameter (FamilyName)
2023-06-23 20:02:05,768 [INFO] UtilMem:75 - End LoadConfig() Used Memory: 437790944 Bytes (1073741824)
2023-06-23 20:02:05,887 [INFO] ApiDb:581 - Connected to CubeFinder SQLite database (C:\Users\l1534\.stmcufinder\plugins\mcufinder\mcu\cube-finder-db.db)
2023-06-23 20:02:05,963 [INFO] ApiDb:668 - CubeFinder database Data Model version=2.1
2023-06-23 20:02:05,963 [INFO] ApiDb:669 - CubeFinder database Configuration version=3.0.35
2023-06-23 20:02:05,964 [INFO] ApiDb:670 - CubeFinder database generation date=2023-05-12 (1683877179)
2023-06-23 20:02:05,964 [INFO] ApiDb:671 - CubeFinder database FW Pack versions=[FP-ATR-ASTRA1_V2.0.0, FP-SNS-FLIGHT1_V5.0.0, FP-SNS-MOTENV1_V4.3.0, STM32Cube_FW_C0_V1.0.1, STM32Cube_FW_F0_V1.11.4, STM32Cube_FW_F3_V1.11.4, STM32Cube_FW_F4_V1.27.1, STM32Cube_FW_F7_V1.17.0, STM32Cube_FW_G0_V1.6.1, STM32Cube_FW_G4_V1.5.1, STM32Cube_FW_H5_V0.5.1, STM32Cube_FW_H5_V1.0.0, STM32Cube_FW_H7_V1.11.0, STM32Cube_FW_L0_V1.12.2, STM32Cube_FW_L5_V1.5.0, STM32Cube_FW_U5_V1.2.0, STM32Cube_FW_WBA_V1.0.0, STM32Cube_FW_WBA_V1.0.0RC1, STM32Cube_FW_WBA_V1.0.0RC3, STM32Cube_FW_WB_V1.15.0RC1, STM32Cube_FW_WB_V1.16.0, STM32Cube_FW_WB_V1.16.0RC2, STM32Cube_FW_WL_V1.3.0, X-CUBE-ALGOBUILD_V1.3.0, X-CUBE-ALS_V1.0.1, X-CUBE-AZRTOS-F4_V1.1.0, X-CUBE-AZRTOS-F7_V1.1.0, X-CUBE-AZRTOS-G0_V1.1.0, X-CUBE-AZRTOS-G4_V2.0.0, X-CUBE-AZRTOS-H7_V3.1.0, X-CUBE-AZRTOS-L4_V1.0.0, X-CUBE-AZRTOS-L5_V1.1.0, X-CUBE-AZRTOS-WB_V1.1.0, X-CUBE-AZRTOS-WL_V1.0.0, X-CUBE-BLE1_V6.2.4, X-CUBE-BLE2_V3.3.0, X-CUBE-BLEMGR_V2.0.0, X-CUBE-EEPRMA1_V4.1.0, X-CUBE-FREERTOS_V1.0.1, X-CUBE-GNSS1_V6.0.0, X-CUBE-MEMS1_V9.1.0, X-CUBE-MEMS1_V9.4.0, X-CUBE-MEMS1_V9.6.0, X-CUBE-NFC4_V3.0.0, X-CUBE-NFC7_V1.0.0, X-CUBE-SFXS2LP1_V4.0.0, X-CUBE-SUBG2_V5.0.0]
2023-06-23 20:02:08,162 [INFO] ApiDb:240 - Found 297 in-development CPN: [B-G473E-ZEST1S, B-WB1M-WPAN1, B-WL5M-SUBG1, NUCLEO-C031C6, NUCLEO-H503RB, NUCLEO-H563ZI, NUCLEO-U545RE-Q, NUCLEO-U5A5ZJ-Q, NUCLEO-WBA52CG, STEVAL-PROTEUS1, STEVAL-STWINBX1, STM320518-EVAL, STM32C0116-DK, STM32C011D6Y3TR, STM32C011D6Y6TR, STM32C011F4P3, STM32C011F4P6, STM32C011F4U3, STM32C011F4U6TR, STM32C011F6P3, STM32C011F6P6, STM32C011F6U3, STM32C011F6U6TR, STM32C011J4M3, STM32C011J4M6, STM32C011J6M3, STM32C011J6M6, STM32C0316-DK, STM32C031C4T3, STM32C031C4T6, STM32C031C4U3, STM32C031C4U6, STM32C031C6T3, STM32C031C6T6, STM32C031C6U3, STM32C031C6U6, STM32C031F4P3, STM32C031F4P6, STM32C031F6P3, STM32C031F6P6, STM32C031G4U3, STM32C031G4U6, STM32C031G6U3, STM32C031G6U6, STM32C031K4T3, STM32C031K4T6, STM32C031K4U3, STM32C031K4U6, STM32C031K6T3, STM32C031K6T6, STM32C031K6U3, STM32C031K6U6, STM32G071K8TXN, STM32G071K8UXN, STM32G081GBU6N, STM32G081KBT6N, STM32G081KBUXN, STM32G0B1CCT6N, STM32G0B1KCT6, STM32G0B1NEY6TR, STM32G0B1RCT6N, STM32G0C1CCT6, STM32G0C1CCT6N, STM32G0C1CCU6N, STM32G0C1CET6N, STM32G0C1CEU6N, STM32G0C1KCT6, STM32G0C1NEY6TR, STM32G0C1RCI6N, STM32G0C1RCT6N, STM32G0C1REI6N, STM32G0C1RET6N, STM32G0C1VCI6, STM32G0C1VEI6, STM32G471CCT6, STM32G471CCU6, STM32G471CET3, STM32G471CET6, STM32G471CEU3, STM32G471CEU6, STM32G471MCT6, STM32G471MET3, STM32G471MET6, STM32G471MEY6TR, STM32G471QCT6, STM32G471QET3, STM32G471RCT6, STM32G471RET3, STM32G471RET6, STM32G471VCH6, STM32G471VCI6, STM32G471VCT6, STM32G471VEH3, STM32G471VEH6, STM32G471VEI3, STM32G471VEI6, STM32G471VET3, STM32G471VET6, STM32G474CCT6, STM32H503CBT6, STM32H503CBU6, STM32H503EBY6TR, STM32H503KBU6, STM32H503RBT6, STM32H562AGI6, STM32H562AII6, STM32H562IGK6, STM32H562IGT6, STM32H562IIK6, STM32H562IIT6, STM32H562RGT6, STM32H562RGV6, STM32H562RIT6, STM32H562RIV6, STM32H562VGT6, STM32H562VIT6, STM32H562ZGT6, STM32H562ZIT6, STM32H563AGI6, STM32H563AII3Q, STM32H563AII6, STM32H563IGK6, STM32H563IGT6, STM32H563IIK3Q, STM32H563IIK6, STM32H563IIT3Q, STM32H563IIT6, STM32H563MIY3QTR, STM32H563RGT6, STM32H563RGV6, STM32H563RIT6, STM32H563RIV6, STM32H563VGT6, STM32H563VIT3Q, STM32H563VIT6, STM32H563ZGT6, STM32H563ZIT3Q, STM32H563ZIT6, STM32H573AII3Q, STM32H573AII6, STM32H573I-DK, STM32H573IIK3Q, STM32H573IIK6, STM32H573IIT3Q, STM32H573IIT6, STM32H573MIY3QTR, STM32H573RIT6, STM32H573RIV6, STM32H573VIT3Q, STM32H573VIT6, STM32H573ZIT3Q, STM32H573ZIT6, STM32L4R5QGI6STR, STM32MP131AAE3, STM32MP131AAF3, STM32MP131AAG3, STM32MP131CAE3, STM32MP131CAF3, STM32MP131CAG3, STM32MP131DAE7, STM32MP131DAF7, STM32MP131DAG7, STM32MP131FAE7, STM32MP131FAF7, STM32MP131FAG7, STM32MP133AAE3, STM32MP133AAF3, STM32MP133AAG3, STM32MP133CAE3, STM32MP133CAF3, STM32MP133CAG3, STM32MP133DAE7, STM32MP133DAF7, STM32MP133DAG7, STM32MP133FAE7, STM32MP133FAF7, STM32MP133FAG7, STM32MP135AAE3, STM32MP135AAF3, STM32MP135AAG3, STM32MP135CAE3, STM32MP135CAF3, STM32MP135CAG3, STM32MP135DAE7, STM32MP135DAF7, STM32MP135DAG7, STM32MP135F-DK, STM32MP135FAE7, STM32MP135FAF7, STM32MP135FAF7T, STM32MP135FAF7U, STM32MP135FAG7, STM32U535CBT6, STM32U535CBT6Q, STM32U535CBU6, STM32U535CBU6Q, STM32U535CCT6, STM32U535CCT6Q, STM32U535CCU6, STM32U535CCU6Q, STM32U535CET6, STM32U535CET6Q, STM32U535CEU6, STM32U535CEU6Q, STM32U535JEY6QTR, STM32U535NCY6QTR, STM32U535NEY6QTR, STM32U535RBI6, STM32U535RBI6Q, STM32U535RBT6, STM32U535RBT6Q, STM32U535RCI6, STM32U535RCI6Q, STM32U535RCT6, STM32U535RCT6Q, STM32U535REI6, STM32U535REI6Q, STM32U535RET6, STM32U535RET6Q, STM32U535VCI6, STM32U535VCI6Q, STM32U535VCT6, STM32U535VCT6Q, STM32U535VEI6, STM32U535VEI6Q, STM32U535VET6, STM32U535VET6Q, STM32U545CET6, STM32U545CET6Q, STM32U545CEU6, STM32U545CEU6Q, STM32U545JEY6QTR, STM32U545NEY6QTR, STM32U545REI6, STM32U545REI6Q, STM32U545RET6, STM32U545RET6Q, STM32U545VEI6, STM32U545VEI6Q, STM32U545VET6, STM32U545VET6Q, STM32U595AIH6, STM32U595AIH6Q, STM32U595AJH6, STM32U595AJH6Q, STM32U595QII6, STM32U595QII6Q, STM32U595QJI6, STM32U595QJI6Q, STM32U595RIT6, STM32U595RIT6Q, STM32U595RJT6, STM32U595RJT6Q, STM32U595VIT6, STM32U595VIT6Q, STM32U595VJT6, STM32U595VJT6Q, STM32U595ZIT6, STM32U595ZIT6Q, STM32U595ZIY6QTR, STM32U595ZJT6, STM32U595ZJT6Q, STM32U595ZJY6QTR, STM32U599BJY6QTR, STM32U599NIH6Q, STM32U599NJH6Q, STM32U599VIT6Q, STM32U599VJT6, STM32U599VJT6Q, STM32U599ZIT6Q, STM32U599ZIY6QTR, STM32U599ZJT6Q, STM32U599ZJY6QTR, STM32U5A5AJH6, STM32U5A5AJH6Q, STM32U5A5QJI6, STM32U5A5QJI6Q, STM32U5A5RJT6, STM32U5A5RJT6Q, STM32U5A5VJT6, STM32U5A5VJT6Q, STM32U5A5ZJT6, STM32U5A5ZJT6Q, STM32U5A5ZJY6QTR, STM32U5A9BJY6QTR, STM32U5A9J-DK, STM32U5A9NJH6Q, STM32U5A9VJT6Q, STM32U5A9ZJT6Q, STM32U5A9ZJY6QTR, STM32WB1MMCH6, STM32WBA52CEU6, STM32WBA52CEU6T, STM32WBA52CGU6, STM32WBA52CGU6T, STM32WL5MOCH6, STM32WL5MOCH6TR]
2023-06-23 20:02:08,166 [INFO] DbMcus:216 - Found 3775 MCUs, 3775 are supported
2023-06-23 20:02:08,169 [INFO] ApiDb:423 - Load user favorites file C:\Users\l1534/.stm32cubeide/favorites.mcus.txt: 0 item(s)
2023-06-23 20:02:08,169 [INFO] ApiDb:427 - User favorites MCUs=[]
2023-06-23 20:02:08,169 [INFO] DbMcus:222 - Set 0 / 0 favorites MCUs
2023-06-23 20:02:08,642 [WARN] ThirdParty:833 - waiting for thirdparty lock release [change project]
2023-06-23 20:02:08,642 [INFO] ThirdParty:835 - entering critical section [change project]
2023-06-23 20:02:08,642 [INFO] ThirdParty:1030 - CMSIS Pack Vendor :STMicroelectronics X-CUBE-ISPU 1.1.0
2023-06-23 20:02:08,642 [INFO] ThirdParty:1030 - CMSIS Pack Vendor :RoweBots I-CUBE-UNISONRTOS 5.5.0-4
2023-06-23 20:02:08,642 [INFO] ThirdParty:1030 - CMSIS Pack Vendor :STMicroelectronics X-CUBE-GNSS1 6.0.0
2023-06-23 20:02:08,642 [INFO] ThirdParty:1030 - CMSIS Pack Vendor :STMicroelectronics USB_HOST 2.0.0
2023-06-23 20:02:08,642 [INFO] ThirdParty:1030 - CMSIS Pack Vendor :STMicroelectronics X-CUBE-AZRTOS-F4 1.1.0
2023-06-23 20:02:08,642 [INFO] ThirdParty:1030 - CMSIS Pack Vendor :STMicroelectronics LIBJPEG 8.0.0
2023-06-23 20:02:08,642 [INFO] ThirdParty:1030 - CMSIS Pack Vendor :STMicroelectronics X-CUBE-SMBUS 2.1.0
2023-06-23 20:02:08,642 [INFO] ThirdParty:1030 - CMSIS Pack Vendor :STMicroelectronics USB_DEVICE 3.0.0
2023-06-23 20:02:08,642 [INFO] ThirdParty:1030 - CMSIS Pack Vendor :STMicroelectronics X-CUBE-AI 8.0.0
2023-06-23 20:02:08,643 [INFO] ThirdParty:1030 - CMSIS Pack Vendor :STMicroelectronics X-CUBE-FREERTOS 1.0.0
2023-06-23 20:02:08,643 [INFO] ThirdParty:1030 - CMSIS Pack Vendor :STMicroelectronics X-CUBE-FREERTOS 1.0.1
2023-06-23 20:02:08,643 [INFO] ThirdParty:1030 - CMSIS Pack Vendor :STMicroelectronics X-CUBE-TOUCHGFX 4.21.0
2023-06-23 20:02:08,643 [INFO] ThirdParty:1030 - CMSIS Pack Vendor :STMicroelectronics X-CUBE-TOUCHGFX 4.21.3
2023-06-23 20:02:08,643 [INFO] ThirdParty:1030 - CMSIS Pack Vendor :STMicroelectronics X-CUBE-AZRTOS-F7 1.1.0
2023-06-23 20:02:08,643 [INFO] ThirdParty:1030 - CMSIS Pack Vendor :STMicroelectronics X-CUBE-TOUCHGFX 4.21.4
2023-06-23 20:02:08,643 [INFO] ThirdParty:1030 - CMSIS Pack Vendor :STMicroelectronics X-CUBE-MEMS1 9.4.0
2023-06-23 20:02:08,643 [INFO] ThirdParty:1030 - CMSIS Pack Vendor :STMicroelectronics USB_DEVICE 2.0.0
2023-06-23 20:02:08,643 [INFO] ThirdParty:1030 - CMSIS Pack Vendor :STMicroelectronics X-CUBE-MEMS1 9.6.0
2023-06-23 20:02:08,643 [INFO] ThirdParty:1030 - CMSIS Pack Vendor :STMicroelectronics X-CUBE-AI 7.3.0
2023-06-23 20:02:08,643 [INFO] ThirdParty:1030 - CMSIS Pack Vendor :STMicroelectronics FP-SNS-MOTENV1 4.3.0
2023-06-23 20:02:08,643 [INFO] ThirdParty:1030 - CMSIS Pack Vendor :STMicroelectronics FP-SNS-FLIGHT1 5.0.0
2023-06-23 20:02:08,643 [INFO] ThirdParty:1030 - CMSIS Pack Vendor :STMicroelectronics FP-SNS-MOTENV1 4.3.1
2023-06-23 20:02:08,643 [INFO] ThirdParty:1030 - CMSIS Pack Vendor :STMicroelectronics FP-SNS-FLIGHT1 5.0.1
2023-06-23 20:02:08,644 [INFO] ThirdParty:1030 - CMSIS Pack Vendor :STMicroelectronics X-CUBE-ALGOBUILD 1.3.0
2023-06-23 20:02:08,644 [INFO] ThirdParty:1030 - CMSIS Pack Vendor :STMicroelectronics X-CUBE-BLE1 6.2.4
2023-06-23 20:02:08,644 [INFO] ThirdParty:1030 - CMSIS Pack Vendor :STMicroelectronics X-CUBE-AZRTOS-L5 1.1.0
2023-06-23 20:02:08,644 [INFO] ThirdParty:1030 - CMSIS Pack Vendor :STMicroelectronics FreeRTOS 0.0.1
2023-06-23 20:02:08,644 [INFO] ThirdParty:1030 - CMSIS Pack Vendor :emotas I-CUBE-CANOPEN 1.1.3
2023-06-23 20:02:08,644 [INFO] ThirdParty:1030 - CMSIS Pack Vendor :STMicroelectronics X-CUBE-AZRTOS-G0 1.1.0
2023-06-23 20:02:08,644 [INFO] ThirdParty:1030 - CMSIS Pack Vendor :STMicroelectronics X-CUBE-BLEMGR 2.0.0
2023-06-23 20:02:08,644 [INFO] ThirdParty:1030 - CMSIS Pack Vendor :STMicroelectronics X-CUBE-AI 8.0.1
2023-06-23 20:02:08,644 [INFO] ThirdParty:1030 - CMSIS Pack Vendor :STMicroelectronics X-CUBE-SUBG2 5.0.0
2023-06-23 20:02:08,644 [INFO] ThirdParty:1030 - CMSIS Pack Vendor :STMicroelectronics X-CUBE-NFC4 3.0.0
2023-06-23 20:02:08,644 [INFO] ThirdParty:1030 - CMSIS Pack Vendor :STMicroelectronics STM32_WPAN 1.0.0
2023-06-23 20:02:08,644 [INFO] ThirdParty:1030 - CMSIS Pack Vendor :STMicroelectronics lwIP 2.0.3
2023-06-23 20:02:08,644 [INFO] ThirdParty:1030 - CMSIS Pack Vendor :STMicroelectronics X-CUBE-NFC4 2.0.5
2023-06-23 20:02:08,644 [INFO] ThirdParty:1030 - CMSIS Pack Vendor :STMicroelectronics USB_HOST 1.0.0
2023-06-23 20:02:08,644 [INFO] ThirdParty:1030 - CMSIS Pack Vendor :STMicroelectronics X-CUBE-AZRTOS-G4 2.0.0
2023-06-23 20:02:08,645 [INFO] ThirdParty:1030 - CMSIS Pack Vendor :STMicroelectronics PDM2PCM 3.1.0
2023-06-23 20:02:08,645 [INFO] ThirdParty:1030 - CMSIS Pack Vendor :STMicroelectronics X-CUBE-AZRTOS-H7 3.1.0
2023-06-23 20:02:08,645 [INFO] ThirdParty:1030 - CMSIS Pack Vendor :STMicroelectronics X-CUBE-TOF1 3.3.0
2023-06-23 20:02:08,645 [INFO] ThirdParty:1030 - CMSIS Pack Vendor :STMicroelectronics FP-ATR-ASTRA1 1.1.1
2023-06-23 20:02:08,645 [INFO] ThirdParty:1030 - CMSIS Pack Vendor :STMicroelectronics PDM2PCM 3.3.0
2023-06-23 20:02:08,645 [INFO] ThirdParty:1030 - CMSIS Pack Vendor :STMicroelectronics X-CUBE-DISPLAY 3.0.0
2023-06-23 20:02:08,645 [INFO] ThirdParty:1030 - CMSIS Pack Vendor :STMicroelectronics X-CUBE-BLEMGR 1.3.0
2023-06-23 20:02:08,645 [INFO] ThirdParty:1030 - CMSIS Pack Vendor :wolfSSL I-CUBE-wolfSSL 5.5.3
2023-06-23 20:02:08,645 [INFO] ThirdParty:1030 - CMSIS Pack Vendor :STMicroelectronics X-CUBE-AZRTOS-G4 1.0.0
2023-06-23 20:02:08,645 [INFO] ThirdParty:1030 - CMSIS Pack Vendor :STMicroelectronics FP-ATR-SIGFOX1 3.2.0
2023-06-23 20:02:08,645 [INFO] ThirdParty:1030 - CMSIS Pack Vendor :STMicroelectronics X-CUBE-AZRTOS-L4 1.0.0
2023-06-23 20:02:08,645 [INFO] ThirdParty:1030 - CMSIS Pack Vendor :STMicroelectronics HAL Drivers 0.0.0
2023-06-23 20:02:08,645 [INFO] ThirdParty:1030 - CMSIS Pack Vendor :STMicroelectronics MBEDTLS 2.16.2
2023-06-23 20:02:08,645 [INFO] ThirdParty:1030 - CMSIS Pack Vendor :STMicroelectronics X-CUBE-TOUCHGFX 4.20.0
2023-06-23 20:02:08,645 [INFO] ThirdParty:1030 - CMSIS Pack Vendor :STMicroelectronics X-CUBE-NFC7 1.0.1
2023-06-23 20:02:08,645 [INFO] ThirdParty:1030 - CMSIS Pack Vendor :STMicroelectronics MBEDTLS 2.14.1
2023-06-23 20:02:08,646 [INFO] ThirdParty:1030 - CMSIS Pack Vendor :STMicroelectronics X-CUBE-NFC7 1.0.0
2023-06-23 20:02:08,646 [INFO] ThirdParty:1030 - CMSIS Pack Vendor :STMicroelectronics X-CUBE-AZRTOS-WL 1.0.0
2023-06-23 20:02:08,646 [INFO] ThirdParty:1030 - CMSIS Pack Vendor :STMicroelectronics X-CUBE-EEPRMA1 4.1.0
2023-06-23 20:02:08,646 [INFO] ThirdParty:1030 - CMSIS Pack Vendor :portGmbH I-Cube-SoM-uGOAL 1.1.0
2023-06-23 20:02:08,646 [INFO] ThirdParty:1030 - CMSIS Pack Vendor :STMicroelectronics X-CUBE-ALS 1.0.1
2023-06-23 20:02:08,646 [INFO] ThirdParty:1030 - CMSIS Pack Vendor :STMicroelectronics X-CUBE-MEMS1 9.5.0
2023-06-23 20:02:08,646 [INFO] ThirdParty:1030 - CMSIS Pack Vendor :STMicroelectronics ThreadX 1.0.0
2023-06-23 20:02:08,646 [INFO] ThirdParty:1030 - CMSIS Pack Vendor :STMicroelectronics X-CUBE-AZRTOS-WB 1.1.0
2023-06-23 20:02:08,646 [INFO] ThirdParty:1030 - CMSIS Pack Vendor :STMicroelectronics X-CUBE-AZRTOS-WL 2.0.0
2023-06-23 20:02:08,646 [INFO] ThirdParty:1030 - CMSIS Pack Vendor :SEGGER I-CUBE-embOS 1.3.1
2023-06-23 20:02:08,646 [INFO] ThirdParty:1030 - CMSIS Pack Vendor :STMicroelectronics USB_DEVICE 1.0.0
2023-06-23 20:02:08,646 [INFO] ThirdParty:1030 - CMSIS Pack Vendor :STMicroelectronics X-CUBE-EEPRMA1 3.1.1
2023-06-23 20:02:08,646 [INFO] ThirdParty:1030 - CMSIS Pack Vendor :SEGGER I-CUBE-embOS 1.3.0
2023-06-23 20:02:08,646 [INFO] ThirdParty:1030 - CMSIS Pack Vendor :STMicroelectronics X-CUBE-AZRTOS-L4 2.0.0
2023-06-23 20:02:08,646 [INFO] ThirdParty:1030 - CMSIS Pack Vendor :STMicroelectronics ThreadX 0.0.2
2023-06-23 20:02:08,646 [INFO] ThirdParty:1030 - CMSIS Pack Vendor :WES I-CUBE-Cesium 1.3.0
2023-06-23 20:02:08,647 [INFO] ThirdParty:1030 - CMSIS Pack Vendor :STMicroelectronics FP-ATR-ASTRA1 2.0.0
2023-06-23 20:02:08,647 [INFO] ThirdParty:1030 - CMSIS Pack Vendor :STMicroelectronics lwIP 2.1.2
2023-06-23 20:02:08,647 [INFO] ThirdParty:1030 - CMSIS Pack Vendor :STMicroelectronics X-CUBE-SFXS2LP1 4.0.0
2023-06-23 20:02:08,647 [INFO] ThirdParty:1030 - CMSIS Pack Vendor :STMicroelectronics X-CUBE-BLE2 3.3.0
2023-06-23 20:02:08,647 [INFO] ThirdParty:1030 - CMSIS Pack Vendor :STMicroelectronics X-CUBE-DISPLAY 2.2.0
2023-06-23 20:02:08,647 [INFO] ThirdParty:1030 - CMSIS Pack Vendor :STMicroelectronics X-CUBE-TOF1 3.2.0
2023-06-23 20:02:08,647 [INFO] ThirdParty:1030 - CMSIS Pack Vendor :STMicroelectronics PDM2PCM 3.2.0
2023-06-23 20:02:08,647 [INFO] ThirdParty:1030 - CMSIS Pack Vendor :STMicroelectronics X-CUBE-AZRTOS-H7 3.0.0
2023-06-23 20:02:08,647 [INFO] ThirdParty:841 - exiting critical section [change project]
2023-06-23 20:02:08,884 [INFO] PinOutPanel:1499 - setPackage(No Configuration,No Configuration)
2023-06-23 20:02:08,885 [INFO] PinOutPanel:1499 - setPackage(STM32F031F6Px,TSSOP20)
2023-06-23 20:02:10,009 [INFO] UtilMem:75 - Before build in PCC Used Memory: 335613344 Bytes (1073741824)
2023-06-23 20:02:10,668 [INFO] UtilMem:75 - After build in PCC Used Memory: 587271584 Bytes (1073741824)
2023-06-23 20:02:10,691 [INFO] IPUIPlugin:80 - create IPUIPlugin
2023-06-23 20:02:10,691 [INFO] IPUIPlugin:80 - create IPUIPlugin
2023-06-23 20:02:10,691 [INFO] IPUIPlugin:80 - create IPUIPlugin
2023-06-23 20:02:10,691 [INFO] IPUIPlugin:80 - create IPUIPlugin
2023-06-23 20:02:10,691 [INFO] IPUIPlugin:80 - create IPUIPlugin
2023-06-23 20:02:10,691 [INFO] IPUIPlugin:80 - create IPUIPlugin
2023-06-23 20:02:10,691 [INFO] IPUIPlugin:80 - create IPUIPlugin
2023-06-23 20:02:10,692 [INFO] IPUIPlugin:80 - create IPUIPlugin
2023-06-23 20:02:10,692 [INFO] IPUIPlugin:80 - create IPUIPlugin
2023-06-23 20:02:10,692 [INFO] IPUIPlugin:80 - create IPUIPlugin
2023-06-23 20:02:10,692 [INFO] IPUIPlugin:80 - create IPUIPlugin
2023-06-23 20:02:10,692 [INFO] IPUIPlugin:80 - create IPUIPlugin
2023-06-23 20:02:10,693 [INFO] IPUIPlugin:80 - create IPUIPlugin
2023-06-23 20:02:10,693 [INFO] IPUIPlugin:80 - create IPUIPlugin
2023-06-23 20:02:10,693 [INFO] IPUIPlugin:80 - create IPUIPlugin
2023-06-23 20:02:10,694 [INFO] IPUIPlugin:80 - create IPUIPlugin
2023-06-23 20:02:10,694 [INFO] IPUIPlugin:80 - create IPUIPlugin
2023-06-23 20:02:10,694 [INFO] IPUIPlugin:80 - create IPUIPlugin
2023-06-23 20:02:10,695 [INFO] IPUIPlugin:80 - create IPUIPlugin
2023-06-23 20:02:10,695 [INFO] IPUIPlugin:80 - create IPUIPlugin
2023-06-23 20:02:10,695 [INFO] IPUIPlugin:80 - create IPUIPlugin
2023-06-23 20:02:10,696 [INFO] IPUIPlugin:80 - create IPUIPlugin
2023-06-23 20:02:10,696 [INFO] IPUIPlugin:80 - create IPUIPlugin
2023-06-23 20:02:10,879 [INFO] CADModel:165 - CPN selected for project levelSTM32F031F6P6
2023-06-23 20:02:10,879 [INFO] CADModel:114 - Register for checkConnection events
2023-06-23 20:02:10,923 [INFO] OpenFileManager:328 - Restore cursor
2023-06-23 21:14:46,808 [INFO] MainUpdater:2854 - connection check result : 10
2023-06-23 21:14:46,808 [INFO] MainUpdater:2854 - connection check result : 10
2023-06-23 21:14:46,978 [INFO] MicroXplorer:468 - Change Database Path : 
2023-06-23 21:14:46,978 [INFO] MicroXplorer:498 - Change Database Version : DB.6.0.81
2023-06-23 21:14:47,001 [WARN] ThirdParty:871 - waiting for thirdparty lock release [close project]
2023-06-23 21:14:47,002 [INFO] ThirdParty:873 - entering critical section [close project]
2023-06-23 21:14:47,002 [INFO] ThirdParty:883 - exiting critical section [close project]
2023-06-23 21:14:47,004 [INFO] PinOutPanel:1499 - setPackage(No Configuration,No Configuration)
2023-06-23 21:14:47,013 [INFO] UtilMem:75 - Begin LoadConfig() Used Memory: 456391680 Bytes (1073741824)
2023-06-23 21:14:47,018 [INFO] MicroXplorer:468 - Change Database Path : C:/Users/l1534/.stm32cubemx/databases/DB.6.0.70/db/
2023-06-23 21:14:47,018 [INFO] MicroXplorer:498 - Change Database Version : DB.6.0.70
2023-06-23 21:14:49,037 [INFO] OpenFileManager:308 - Change cursor
2023-06-23 21:14:49,045 [INFO] Mcu:1937 - Initializing MCU STM32F031F(4-6)Px STM32F031F6Px STM32F031F6P6
2023-06-23 21:14:49,649 [INFO] Context:659 - Trying to add GPIOservice into a context  which must be forbidden
2023-06-23 21:14:50,200 [INFO] RtosManager:555 - Registered RTOS mode: class=CMSIS, group=RTOS, mode=CMSIS_V1, owner=FREERTOS
2023-06-23 21:14:50,201 [INFO] RtosManager:555 - Registered RTOS mode: class=CMSIS, group=RTOS2, mode=CMSIS_V2, owner=FREERTOS
2023-06-23 21:14:50,201 [INFO] RtosManager:555 - Registered RTOS mode: class=RTOS, group=Core, mode=CMSIS_V1, owner=FREERTOS
2023-06-23 21:14:50,201 [INFO] RtosManager:555 - Registered RTOS mode: class=RTOS, group=Core, mode=CMSIS_V2, owner=FREERTOS
2023-06-23 21:14:50,201 [WARN] ModelIntegratedComponent:184 - Missing modes for component STMicroelectronics:FreeRTOS:0.0.1:STMicroelectronics:RTOS:FreeRTOS:Core:::10.2.0:
2023-06-23 21:14:50,213 [WARN] ModelIntegratedComponent:63 - No mode defined for component null
2023-06-23 21:14:50,213 [WARN] ModelIntegratedComponent:63 - No mode defined for component null
2023-06-23 21:14:50,213 [WARN] ModelIntegratedComponent:63 - No mode defined for component null
2023-06-23 21:14:50,213 [WARN] ModelIntegratedComponent:63 - No mode defined for component null
2023-06-23 21:14:50,213 [WARN] ModelIntegratedComponent:63 - No mode defined for component null
2023-06-23 21:14:50,213 [WARN] ModelIntegratedComponent:63 - No mode defined for component null
2023-06-23 21:14:50,213 [WARN] ModelIntegratedComponent:63 - No mode defined for component null
2023-06-23 21:14:50,213 [WARN] ModelIntegratedComponent:63 - No mode defined for component null
2023-06-23 21:14:50,214 [WARN] ModelIntegratedComponent:63 - No mode defined for component null
2023-06-23 21:14:50,214 [WARN] ModelIntegratedComponent:63 - No mode defined for component null
2023-06-23 21:14:50,214 [WARN] ModelIntegratedComponent:63 - No mode defined for component null
2023-06-23 21:14:50,214 [WARN] ModelIntegratedComponent:63 - No mode defined for component null
2023-06-23 21:14:50,214 [WARN] ModelIntegratedComponent:63 - No mode defined for component null
2023-06-23 21:14:50,214 [WARN] ModelIntegratedComponent:63 - No mode defined for component null
2023-06-23 21:14:50,214 [WARN] ModelIntegratedComponent:63 - No mode defined for component null
2023-06-23 21:14:50,214 [WARN] ModelIntegratedComponent:63 - No mode defined for component null
2023-06-23 21:14:50,214 [WARN] ModelIntegratedComponent:63 - No mode defined for component null
2023-06-23 21:14:50,214 [WARN] ModelIntegratedComponent:63 - No mode defined for component null
2023-06-23 21:14:50,214 [WARN] ModelIntegratedComponent:63 - No mode defined for component null
2023-06-23 21:14:50,214 [WARN] ModelIntegratedComponent:63 - No mode defined for component null
2023-06-23 21:14:50,214 [WARN] ModelIntegratedComponent:63 - No mode defined for component null
2023-06-23 21:14:50,214 [WARN] ModelIntegratedComponent:63 - No mode defined for component null
2023-06-23 21:14:50,214 [WARN] ModelIntegratedComponent:63 - No mode defined for component null
2023-06-23 21:14:50,214 [WARN] ModelIntegratedComponent:63 - No mode defined for component null
2023-06-23 21:14:50,214 [WARN] ModelIntegratedComponent:63 - No mode defined for component null
2023-06-23 21:14:50,214 [WARN] ModelIntegratedComponent:63 - No mode defined for component null
2023-06-23 21:14:50,214 [WARN] ModelIntegratedComponent:63 - No mode defined for component null
2023-06-23 21:14:50,214 [WARN] ModelIntegratedComponent:63 - No mode defined for component null
2023-06-23 21:14:50,214 [WARN] ModelIntegratedComponent:63 - No mode defined for component null
2023-06-23 21:14:50,215 [WARN] ModelIntegratedComponent:63 - No mode defined for component null
2023-06-23 21:14:50,215 [WARN] ModelIntegratedComponent:63 - No mode defined for component null
2023-06-23 21:14:50,215 [WARN] ModelIntegratedComponent:63 - No mode defined for component null
2023-06-23 21:14:50,215 [WARN] ModelIntegratedComponent:63 - No mode defined for component null
2023-06-23 21:14:50,431 [INFO] ThirdPartyModel:298 - Start build external matchings
2023-06-23 21:14:52,579 [INFO] ThirdPartyModel:316 - End build external matchings
2023-06-23 21:14:52,602 [INFO] ImportTextPane:194 - (OptionalMessage_ERROR) IP (RCC) : Invalid parameter (FamilyName)
2023-06-23 21:14:52,712 [INFO] UtilMem:75 - End LoadConfig() Used Memory: 514242392 Bytes (1073741824)
2023-06-23 21:14:52,752 [WARN] ThirdParty:833 - waiting for thirdparty lock release [change project]
2023-06-23 21:14:52,752 [INFO] ThirdParty:835 - entering critical section [change project]
2023-06-23 21:14:52,752 [INFO] ThirdParty:1030 - CMSIS Pack Vendor :STMicroelectronics X-CUBE-ISPU 1.1.0
2023-06-23 21:14:52,752 [INFO] ThirdParty:1030 - CMSIS Pack Vendor :RoweBots I-CUBE-UNISONRTOS 5.5.0-4
2023-06-23 21:14:52,752 [INFO] ThirdParty:1030 - CMSIS Pack Vendor :STMicroelectronics X-CUBE-GNSS1 6.0.0
2023-06-23 21:14:52,752 [INFO] ThirdParty:1030 - CMSIS Pack Vendor :STMicroelectronics USB_HOST 2.0.0
2023-06-23 21:14:52,752 [INFO] ThirdParty:1030 - CMSIS Pack Vendor :STMicroelectronics X-CUBE-AZRTOS-F4 1.1.0
2023-06-23 21:14:52,752 [INFO] ThirdParty:1030 - CMSIS Pack Vendor :STMicroelectronics LIBJPEG 8.0.0
2023-06-23 21:14:52,752 [INFO] ThirdParty:1030 - CMSIS Pack Vendor :STMicroelectronics X-CUBE-SMBUS 2.1.0
2023-06-23 21:14:52,752 [INFO] ThirdParty:1030 - CMSIS Pack Vendor :STMicroelectronics USB_DEVICE 3.0.0
2023-06-23 21:14:52,753 [INFO] ThirdParty:1030 - CMSIS Pack Vendor :STMicroelectronics X-CUBE-AI 8.0.0
2023-06-23 21:14:52,753 [INFO] ThirdParty:1030 - CMSIS Pack Vendor :STMicroelectronics X-CUBE-FREERTOS 1.0.0
2023-06-23 21:14:52,753 [INFO] ThirdParty:1030 - CMSIS Pack Vendor :STMicroelectronics X-CUBE-FREERTOS 1.0.1
2023-06-23 21:14:52,753 [INFO] ThirdParty:1030 - CMSIS Pack Vendor :STMicroelectronics X-CUBE-TOUCHGFX 4.21.0
2023-06-23 21:14:52,753 [INFO] ThirdParty:1030 - CMSIS Pack Vendor :STMicroelectronics X-CUBE-TOUCHGFX 4.21.3
2023-06-23 21:14:52,753 [INFO] ThirdParty:1030 - CMSIS Pack Vendor :STMicroelectronics X-CUBE-AZRTOS-F7 1.1.0
2023-06-23 21:14:52,753 [INFO] ThirdParty:1030 - CMSIS Pack Vendor :STMicroelectronics X-CUBE-TOUCHGFX 4.21.4
2023-06-23 21:14:52,753 [INFO] ThirdParty:1030 - CMSIS Pack Vendor :STMicroelectronics X-CUBE-MEMS1 9.4.0
2023-06-23 21:14:52,753 [INFO] ThirdParty:1030 - CMSIS Pack Vendor :STMicroelectronics USB_DEVICE 2.0.0
2023-06-23 21:14:52,753 [INFO] ThirdParty:1030 - CMSIS Pack Vendor :STMicroelectronics X-CUBE-MEMS1 9.6.0
2023-06-23 21:14:52,753 [INFO] ThirdParty:1030 - CMSIS Pack Vendor :STMicroelectronics X-CUBE-AI 7.3.0
2023-06-23 21:14:52,753 [INFO] ThirdParty:1030 - CMSIS Pack Vendor :STMicroelectronics FP-SNS-MOTENV1 4.3.0
2023-06-23 21:14:52,753 [INFO] ThirdParty:1030 - CMSIS Pack Vendor :STMicroelectronics FP-SNS-FLIGHT1 5.0.0
2023-06-23 21:14:52,753 [INFO] ThirdParty:1030 - CMSIS Pack Vendor :STMicroelectronics FP-SNS-MOTENV1 4.3.1
2023-06-23 21:14:52,753 [INFO] ThirdParty:1030 - CMSIS Pack Vendor :STMicroelectronics FP-SNS-FLIGHT1 5.0.1
2023-06-23 21:14:52,753 [INFO] ThirdParty:1030 - CMSIS Pack Vendor :STMicroelectronics X-CUBE-ALGOBUILD 1.3.0
2023-06-23 21:14:52,753 [INFO] ThirdParty:1030 - CMSIS Pack Vendor :STMicroelectronics X-CUBE-BLE1 6.2.4
2023-06-23 21:14:52,753 [INFO] ThirdParty:1030 - CMSIS Pack Vendor :STMicroelectronics X-CUBE-AZRTOS-L5 1.1.0
2023-06-23 21:14:52,753 [INFO] ThirdParty:1030 - CMSIS Pack Vendor :STMicroelectronics FreeRTOS 0.0.1
2023-06-23 21:14:52,753 [INFO] ThirdParty:1030 - CMSIS Pack Vendor :emotas I-CUBE-CANOPEN 1.1.3
2023-06-23 21:14:52,753 [INFO] ThirdParty:1030 - CMSIS Pack Vendor :STMicroelectronics X-CUBE-AZRTOS-G0 1.1.0
2023-06-23 21:14:52,753 [INFO] ThirdParty:1030 - CMSIS Pack Vendor :STMicroelectronics X-CUBE-BLEMGR 2.0.0
2023-06-23 21:14:52,753 [INFO] ThirdParty:1030 - CMSIS Pack Vendor :STMicroelectronics X-CUBE-AI 8.0.1
2023-06-23 21:14:52,754 [INFO] ThirdParty:1030 - CMSIS Pack Vendor :STMicroelectronics X-CUBE-SUBG2 5.0.0
2023-06-23 21:14:52,754 [INFO] ThirdParty:1030 - CMSIS Pack Vendor :STMicroelectronics X-CUBE-NFC4 3.0.0
2023-06-23 21:14:52,754 [INFO] ThirdParty:1030 - CMSIS Pack Vendor :STMicroelectronics STM32_WPAN 1.0.0
2023-06-23 21:14:52,754 [INFO] ThirdParty:1030 - CMSIS Pack Vendor :STMicroelectronics lwIP 2.0.3
2023-06-23 21:14:52,754 [INFO] ThirdParty:1030 - CMSIS Pack Vendor :STMicroelectronics X-CUBE-NFC4 2.0.5
2023-06-23 21:14:52,754 [INFO] ThirdParty:1030 - CMSIS Pack Vendor :STMicroelectronics USB_HOST 1.0.0
2023-06-23 21:14:52,754 [INFO] ThirdParty:1030 - CMSIS Pack Vendor :STMicroelectronics X-CUBE-AZRTOS-G4 2.0.0
2023-06-23 21:14:52,754 [INFO] ThirdParty:1030 - CMSIS Pack Vendor :STMicroelectronics PDM2PCM 3.1.0
2023-06-23 21:14:52,754 [INFO] ThirdParty:1030 - CMSIS Pack Vendor :STMicroelectronics X-CUBE-AZRTOS-H7 3.1.0
2023-06-23 21:14:52,754 [INFO] ThirdParty:1030 - CMSIS Pack Vendor :STMicroelectronics X-CUBE-TOF1 3.3.0
2023-06-23 21:14:52,754 [INFO] ThirdParty:1030 - CMSIS Pack Vendor :STMicroelectronics FP-ATR-ASTRA1 1.1.1
2023-06-23 21:14:52,754 [INFO] ThirdParty:1030 - CMSIS Pack Vendor :STMicroelectronics PDM2PCM 3.3.0
2023-06-23 21:14:52,754 [INFO] ThirdParty:1030 - CMSIS Pack Vendor :STMicroelectronics X-CUBE-DISPLAY 3.0.0
2023-06-23 21:14:52,754 [INFO] ThirdParty:1030 - CMSIS Pack Vendor :STMicroelectronics X-CUBE-BLEMGR 1.3.0
2023-06-23 21:14:52,754 [INFO] ThirdParty:1030 - CMSIS Pack Vendor :wolfSSL I-CUBE-wolfSSL 5.5.3
2023-06-23 21:14:52,754 [INFO] ThirdParty:1030 - CMSIS Pack Vendor :STMicroelectronics X-CUBE-AZRTOS-G4 1.0.0
2023-06-23 21:14:52,754 [INFO] ThirdParty:1030 - CMSIS Pack Vendor :STMicroelectronics FP-ATR-SIGFOX1 3.2.0
2023-06-23 21:14:52,754 [INFO] ThirdParty:1030 - CMSIS Pack Vendor :STMicroelectronics X-CUBE-AZRTOS-L4 1.0.0
2023-06-23 21:14:52,754 [INFO] ThirdParty:1030 - CMSIS Pack Vendor :STMicroelectronics HAL Drivers 0.0.0
2023-06-23 21:14:52,754 [INFO] ThirdParty:1030 - CMSIS Pack Vendor :STMicroelectronics MBEDTLS 2.16.2
2023-06-23 21:14:52,754 [INFO] ThirdParty:1030 - CMSIS Pack Vendor :STMicroelectronics X-CUBE-TOUCHGFX 4.20.0
2023-06-23 21:14:52,754 [INFO] ThirdParty:1030 - CMSIS Pack Vendor :STMicroelectronics X-CUBE-NFC7 1.0.1
2023-06-23 21:14:52,754 [INFO] ThirdParty:1030 - CMSIS Pack Vendor :STMicroelectronics MBEDTLS 2.14.1
2023-06-23 21:14:52,754 [INFO] ThirdParty:1030 - CMSIS Pack Vendor :STMicroelectronics X-CUBE-NFC7 1.0.0
2023-06-23 21:14:52,755 [INFO] ThirdParty:1030 - CMSIS Pack Vendor :STMicroelectronics X-CUBE-AZRTOS-WL 1.0.0
2023-06-23 21:14:52,755 [INFO] ThirdParty:1030 - CMSIS Pack Vendor :STMicroelectronics X-CUBE-EEPRMA1 4.1.0
2023-06-23 21:14:52,755 [INFO] ThirdParty:1030 - CMSIS Pack Vendor :portGmbH I-Cube-SoM-uGOAL 1.1.0
2023-06-23 21:14:52,755 [INFO] ThirdParty:1030 - CMSIS Pack Vendor :STMicroelectronics X-CUBE-ALS 1.0.1
2023-06-23 21:14:52,755 [INFO] ThirdParty:1030 - CMSIS Pack Vendor :STMicroelectronics X-CUBE-MEMS1 9.5.0
2023-06-23 21:14:52,755 [INFO] ThirdParty:1030 - CMSIS Pack Vendor :STMicroelectronics ThreadX 1.0.0
2023-06-23 21:14:52,755 [INFO] ThirdParty:1030 - CMSIS Pack Vendor :STMicroelectronics X-CUBE-AZRTOS-WB 1.1.0
2023-06-23 21:14:52,755 [INFO] ThirdParty:1030 - CMSIS Pack Vendor :STMicroelectronics X-CUBE-AZRTOS-WL 2.0.0
2023-06-23 21:14:52,755 [INFO] ThirdParty:1030 - CMSIS Pack Vendor :SEGGER I-CUBE-embOS 1.3.1
2023-06-23 21:14:52,755 [INFO] ThirdParty:1030 - CMSIS Pack Vendor :STMicroelectronics USB_DEVICE 1.0.0
2023-06-23 21:14:52,755 [INFO] ThirdParty:1030 - CMSIS Pack Vendor :STMicroelectronics X-CUBE-EEPRMA1 3.1.1
2023-06-23 21:14:52,755 [INFO] ThirdParty:1030 - CMSIS Pack Vendor :SEGGER I-CUBE-embOS 1.3.0
2023-06-23 21:14:52,755 [INFO] ThirdParty:1030 - CMSIS Pack Vendor :STMicroelectronics X-CUBE-AZRTOS-L4 2.0.0
2023-06-23 21:14:52,755 [INFO] ThirdParty:1030 - CMSIS Pack Vendor :STMicroelectronics ThreadX 0.0.2
2023-06-23 21:14:52,755 [INFO] ThirdParty:1030 - CMSIS Pack Vendor :WES I-CUBE-Cesium 1.3.0
2023-06-23 21:14:52,755 [INFO] ThirdParty:1030 - CMSIS Pack Vendor :STMicroelectronics FP-ATR-ASTRA1 2.0.0
2023-06-23 21:14:52,755 [INFO] ThirdParty:1030 - CMSIS Pack Vendor :STMicroelectronics lwIP 2.1.2
2023-06-23 21:14:52,755 [INFO] ThirdParty:1030 - CMSIS Pack Vendor :STMicroelectronics X-CUBE-SFXS2LP1 4.0.0
2023-06-23 21:14:52,755 [INFO] ThirdParty:1030 - CMSIS Pack Vendor :STMicroelectronics X-CUBE-BLE2 3.3.0
2023-06-23 21:14:52,755 [INFO] ThirdParty:1030 - CMSIS Pack Vendor :STMicroelectronics X-CUBE-DISPLAY 2.2.0
2023-06-23 21:14:52,755 [INFO] ThirdParty:1030 - CMSIS Pack Vendor :STMicroelectronics X-CUBE-TOF1 3.2.0
2023-06-23 21:14:52,755 [INFO] ThirdParty:1030 - CMSIS Pack Vendor :STMicroelectronics PDM2PCM 3.2.0
2023-06-23 21:14:52,755 [INFO] ThirdParty:1030 - CMSIS Pack Vendor :STMicroelectronics X-CUBE-AZRTOS-H7 3.0.0
2023-06-23 21:14:52,755 [INFO] ThirdParty:841 - exiting critical section [change project]
2023-06-23 21:14:52,861 [INFO] PinOutPanel:1499 - setPackage(No Configuration,No Configuration)
2023-06-23 21:14:52,862 [INFO] PinOutPanel:1499 - setPackage(STM32F031F6Px,TSSOP20)
2023-06-23 21:14:53,627 [INFO] UtilMem:75 - Before build in PCC Used Memory: 331201488 Bytes (1073741824)
2023-06-23 21:14:53,829 [INFO] UtilMem:75 - After build in PCC Used Memory: 402312728 Bytes (1073741824)
2023-06-23 21:14:53,844 [INFO] IPUIPlugin:80 - create IPUIPlugin
2023-06-23 21:14:53,844 [INFO] IPUIPlugin:80 - create IPUIPlugin
2023-06-23 21:14:53,844 [INFO] IPUIPlugin:80 - create IPUIPlugin
2023-06-23 21:14:53,844 [INFO] IPUIPlugin:80 - create IPUIPlugin
2023-06-23 21:14:53,844 [INFO] IPUIPlugin:80 - create IPUIPlugin
2023-06-23 21:14:53,844 [INFO] IPUIPlugin:80 - create IPUIPlugin
2023-06-23 21:14:53,845 [INFO] IPUIPlugin:80 - create IPUIPlugin
2023-06-23 21:14:53,845 [INFO] IPUIPlugin:80 - create IPUIPlugin
2023-06-23 21:14:53,845 [INFO] IPUIPlugin:80 - create IPUIPlugin
2023-06-23 21:14:53,845 [INFO] IPUIPlugin:80 - create IPUIPlugin
2023-06-23 21:14:53,845 [INFO] IPUIPlugin:80 - create IPUIPlugin
2023-06-23 21:14:53,845 [INFO] IPUIPlugin:80 - create IPUIPlugin
2023-06-23 21:14:53,846 [INFO] IPUIPlugin:80 - create IPUIPlugin
2023-06-23 21:14:53,846 [INFO] IPUIPlugin:80 - create IPUIPlugin
2023-06-23 21:14:53,846 [INFO] IPUIPlugin:80 - create IPUIPlugin
2023-06-23 21:14:53,846 [INFO] IPUIPlugin:80 - create IPUIPlugin
2023-06-23 21:14:53,847 [INFO] IPUIPlugin:80 - create IPUIPlugin
2023-06-23 21:14:53,847 [INFO] IPUIPlugin:80 - create IPUIPlugin
2023-06-23 21:14:53,847 [INFO] IPUIPlugin:80 - create IPUIPlugin
2023-06-23 21:14:53,847 [INFO] IPUIPlugin:80 - create IPUIPlugin
2023-06-23 21:14:53,848 [INFO] IPUIPlugin:80 - create IPUIPlugin
2023-06-23 21:14:53,848 [INFO] IPUIPlugin:80 - create IPUIPlugin
2023-06-23 21:14:53,848 [INFO] IPUIPlugin:80 - create IPUIPlugin
2023-06-23 21:14:53,888 [INFO] CADModel:165 - CPN selected for project levelSTM32F031F6P6
2023-06-23 21:14:53,888 [INFO] CADModel:114 - Register for checkConnection events
2023-06-23 21:14:53,948 [INFO] OpenFileManager:328 - Restore cursor
2023-06-23 21:15:08,792 [INFO] NvicIntPanel:101 - NVIC parent = com.st.microxplorer.plugins.ip.nvic.MultiNvicIntPanel[,0,0,0x0,invalid,layout=javax.swing.BoxLayout,alignmentX=0.0,alignmentY=0.0,border=,flags=9,maximumSize=,minimumSize=,preferredSize=]
2023-06-23 21:15:18,739 [INFO] NvicIntPanel:101 - NVIC parent = com.st.microxplorer.plugins.ip.nvic.MultiNvicIntPanel[,0,0,0x0,invalid,layout=javax.swing.BoxLayout,alignmentX=0.0,alignmentY=0.0,border=,flags=9,maximumSize=,minimumSize=,preferredSize=]
2023-06-23 21:15:28,809 [INFO] NvicIntPanel:101 - NVIC parent = com.st.microxplorer.plugins.ip.nvic.MultiNvicIntPanel[,0,0,0x0,invalid,layout=javax.swing.BoxLayout,alignmentX=0.0,alignmentY=0.0,border=,flags=9,maximumSize=,minimumSize=,preferredSize=]
2023-06-23 21:15:29,517 [INFO] NvicIntPanel:101 - NVIC parent = com.st.microxplorer.plugins.ip.nvic.MultiNvicIntPanel[,0,0,0x0,invalid,layout=javax.swing.BoxLayout,alignmentX=0.0,alignmentY=0.0,border=,flags=9,maximumSize=,minimumSize=,preferredSize=]
2023-06-23 21:16:02,233 [INFO] DmaTabbedPanel:205 - Cannot restore the selected Tab for DMA
